<?xml version="1.0" encoding="UTF-8"?>
<!-- Generated by org.testng.reporters.JUnitXMLReporter -->
<testsuite ignored="0" hostname="UDS-USER-69" failures="0" tests="3" name="Test3" time="27.274" errors="0" timestamp="2022-05-09T11:31:10 EEST">
  <testcase classname="TestMobexo.CrossbrowserGroups" name="Test1" time="8.128"/>
  <testcase classname="TestMobexo.CrossbrowserGroups" name="test2" time="6.647"/>
  <testcase classname="TestMobexo.CrossbrowserGroups" name="test3" time="7.882"/>
</testsuite> <!-- Test3 -->
