<?xml version="1.0" encoding="UTF-8"?>
<!-- Generated by org.testng.reporters.JUnitXMLReporter -->
<testsuite ignored="4" hostname="UDS-USER-69" failures="0" tests="0" time="0.008" errors="0" timestamp="2022-05-09T16:48:47 EEST">
  <testcase classname="TestMobexo.Groups" name="Test1" time="0.0">
    <ignored/>
  </testcase> <!-- Test1 -->
  <testcase classname="TestMobexo.Groups" name="Test2" time="0.0">
    <ignored/>
  </testcase> <!-- Test2 -->
  <testcase classname="TestMobexo.Groups" name="Test3" time="0.0">
    <ignored/>
  </testcase> <!-- Test3 -->
  <testcase classname="TestMobexo.Groups" name="Test4" time="0.0">
    <ignored/>
  </testcase> <!-- Test4 -->
</testsuite>
