<?xml version="1.0" encoding="UTF-8"?>
<!-- Generated by org.testng.reporters.JUnitXMLReporter -->
<testsuite ignored="0" hostname="UDS-USER-69" failures="0" tests="4" name="Test1" time="21.86" errors="0" timestamp="2022-05-14T20:41:05 EEST">
  <testcase classname="TestMobexo.GroupsParameters" name="Test1" time="3.989"/>
  <testcase classname="TestMobexo.GroupsParameters" name="Test3" time="2.737"/>
  <testcase classname="TestMobexo.GroupsParameters" name="Test2" time="3.243"/>
  <testcase classname="TestMobexo.GroupsParameters" name="Test4" time="3.634"/>
</testsuite> <!-- Test1 -->
