<?xml version="1.0" encoding="UTF-8"?>
<!-- Generated by org.testng.reporters.JUnitXMLReporter -->
<testsuite ignored="2" hostname="UDS-USER-69" failures="0" tests="2" name="Test4" time="10.62" errors="0" timestamp="2022-05-09T18:33:31 EEST">
  <testcase classname="TestMobexo.Groups" name="Test3" time="3.068"/>
  <testcase classname="TestMobexo.Groups" name="Test4" time="2.811"/>
  <testcase classname="TestMobexo.Groups" name="Test1" time="0.0">
    <ignored/>
  </testcase> <!-- Test1 -->
  <testcase classname="TestMobexo.Groups" name="Test2" time="0.0">
    <ignored/>
  </testcase> <!-- Test2 -->
</testsuite> <!-- Test4 -->
