<?xml version="1.0" encoding="UTF-8"?>
<!-- Generated by org.testng.reporters.JUnitXMLReporter -->
<testsuite ignored="3" hostname="UDS-USER-69" failures="0" tests="1" name="Test2" time="10.769" errors="0" timestamp="2022-05-14T19:45:53 EEST">
  <testcase classname="TestMobexo.GroupsParameters" name="Test1" time="4.079"/>
  <testcase classname="TestMobexo.GroupsParameters" name="Test4" time="0.0">
    <ignored/>
  </testcase> <!-- Test4 -->
  <testcase classname="TestMobexo.GroupsParameters" name="Test2" time="0.0">
    <ignored/>
  </testcase> <!-- Test2 -->
  <testcase classname="TestMobexo.GroupsParameters" name="Test3" time="0.0">
    <ignored/>
  </testcase> <!-- Test3 -->
</testsuite> <!-- Test2 -->
