<?xml version="1.0" encoding="UTF-8"?>
<!-- Generated by org.testng.reporters.JUnitXMLReporter -->
<testsuite ignored="0" hostname="UDS-USER-69" failures="0" tests="4" name="Test" time="21.31" errors="0" timestamp="2022-05-15T13:00:34 EEST">
  <testcase classname="TestMobexo.Reruntests" name="Test1" time="3.601"/>
  <testcase classname="TestMobexo.Reruntests" name="Test2" time="3.283"/>
  <testcase classname="TestMobexo.Reruntests" name="Test3" time="2.77"/>
  <testcase classname="TestMobexo.Reruntests" name="Test4" time="2.78"/>
</testsuite> <!-- Test -->
