<?xml version="1.0" encoding="UTF-8"?>
<!-- Generated by org.testng.reporters.JUnitXMLReporter -->
<testsuite ignored="0" hostname="UDS-USER-69" failures="0" tests="3" name="Default test" time="24.806" errors="0" timestamp="2022-05-15T12:54:51 EEST">
  <testcase classname="TestMobexo.CrossbrowserGroups" name="Test1" time="8.724"/>
  <testcase classname="TestMobexo.CrossbrowserGroups" name="test2" time="6.611"/>
  <testcase classname="TestMobexo.CrossbrowserGroups" name="test3" time="6.546"/>
</testsuite> <!-- Default test -->
